SF:lib/codec/mixpanel_message_codec.dart
DA:8,2
DA:13,1
DA:15,1
DA:16,1
DA:17,2
DA:18,1
DA:19,1
DA:20,3
DA:21,2
DA:22,1
DA:24,1
DA:28,1
DA:31,1
DA:32,2
DA:33,1
DA:34,1
DA:35,3
DA:36,1
DA:38,1
LF:19
LH:19
end_of_record
SF:lib/mixpanel_flutter.dart
DA:11,2
DA:15,3
DA:23,1
DA:25,1
DA:38,1
DA:43,1
DA:44,1
DA:45,1
DA:46,2
DA:47,2
DA:48,2
DA:49,2
DA:50,1
DA:58,1
DA:59,1
DA:60,2
DA:61,1
DA:63,1
DA:73,1
DA:76,2
DA:77,1
DA:79,0
DA:90,1
DA:93,2
DA:94,1
DA:98,0
DA:106,0
DA:107,0
DA:114,1
DA:115,2
DA:123,1
DA:124,2
DA:131,1
DA:132,2
DA:133,1
DA:151,1
DA:152,1
DA:153,2
DA:154,1
DA:156,1
DA:172,1
DA:173,1
DA:174,1
DA:177,1
DA:178,1
DA:182,2
DA:183,1
DA:195,1
DA:199,1
DA:200,2
DA:201,2
DA:203,1
DA:212,1
DA:213,1
DA:226,1
DA:231,1
DA:232,3
DA:234,1
DA:235,1
DA:238,1
DA:247,1
DA:248,1
DA:249,2
DA:250,2
DA:252,1
DA:264,1
DA:265,3
DA:272,1
DA:273,1
DA:274,2
DA:275,2
DA:277,1
DA:286,1
DA:287,1
DA:288,2
DA:289,2
DA:291,1
DA:303,1
DA:304,1
DA:305,2
DA:306,2
DA:308,1
DA:326,1
DA:327,2
DA:328,2
DA:337,1
DA:340,2
DA:341,2
DA:351,1
DA:352,1
DA:353,2
DA:354,1
DA:356,1
DA:368,1
DA:369,2
DA:378,1
DA:379,2
DA:387,1
DA:388,1
DA:389,2
DA:390,1
DA:392,1
DA:402,1
DA:403,1
DA:404,2
DA:405,1
DA:413,1
DA:414,2
DA:428,1
DA:429,1
DA:430,1
DA:431,2
DA:441,1
DA:442,2
DA:455,2
DA:462,1
DA:471,1
DA:472,1
DA:473,1
DA:474,2
DA:475,3
DA:477,1
DA:486,1
DA:487,1
DA:488,1
DA:489,2
DA:490,3
DA:492,1
DA:503,1
DA:504,1
DA:505,1
DA:506,2
DA:507,3
DA:509,1
DA:519,1
DA:520,1
DA:521,1
DA:522,0
DA:523,0
DA:524,0
DA:526,3
DA:527,1
DA:529,1
DA:533,1
DA:544,1
DA:545,1
DA:546,1
DA:547,0
DA:548,0
DA:549,0
DA:551,3
DA:552,1
DA:554,1
DA:558,1
DA:569,1
DA:570,1
DA:571,1
DA:572,0
DA:573,0
DA:574,0
DA:576,3
DA:577,1
DA:579,1
DA:583,1
DA:591,1
DA:592,1
DA:593,2
DA:594,2
DA:596,1
DA:605,1
DA:608,3
DA:609,1
DA:611,1
DA:614,0
DA:620,1
DA:621,2
DA:622,2
DA:629,1
DA:630,2
DA:631,2
DA:639,2
DA:648,1
DA:659,1
DA:660,1
DA:661,1
DA:663,3
DA:664,1
DA:665,1
DA:666,1
DA:667,1
DA:670,1
DA:679,1
DA:680,1
DA:681,1
DA:683,3
DA:684,1
DA:685,1
DA:686,1
DA:687,1
DA:690,1
DA:698,1
DA:699,1
DA:700,3
DA:701,1
DA:702,1
DA:703,1
DA:707,1
DA:718,1
DA:719,1
DA:720,3
DA:721,1
DA:722,1
DA:723,1
DA:725,1
DA:728,1
DA:739,1
DA:740,1
DA:741,1
DA:747,0
DA:751,3
DA:752,1
DA:753,1
DA:754,1
DA:756,1
DA:762,1
DA:764,1
DA:768,1
DA:774,0
DA:775,0
DA:776,0
DA:777,0
DA:778,0
DA:779,0
DA:780,0
DA:781,0
DA:788,1
DA:792,0
LF:237
LH:213
end_of_record
